<?xml version="1.0" encoding="UTF-8"?>
<!-- Generated by org.testng.reporters.JUnitXMLReporter -->
<testsuite ignored="2" hostname="DESKTOP-BDTSKJB" failures="0" tests="1" name="Parameter Test three" time="0.006" errors="0" timestamp="2021-01-24T13:57:22 NZDT">
  <testcase classname="testNgMethods.ParameterSuiteLevel" name="prameterTestThree" time="0.003"/>
  <testcase classname="testNgMethods.ParameterSuiteLevel" name="prameterTestTwo" time="0.0">
    <ignored/>
  </testcase> <!-- prameterTestTwo -->
  <testcase classname="testNgMethods.ParameterSuiteLevel" name="prameterTestOne" time="0.0">
    <ignored/>
  </testcase> <!-- prameterTestOne -->
</testsuite> <!-- Parameter Test three -->
