<?xml version="1.0" encoding="UTF-8"?>
<!-- Generated by org.testng.reporters.JUnitXMLReporter -->
<testsuite ignored="0" hostname="DESKTOP-BDTSKJB" failures="0" tests="4" name="Default test" time="22.512" errors="0" timestamp="2021-01-24T13:50:11 NZDT">
  <testcase classname="testNgMethods.ParameterTestLevel" name="setUp" time="12.725"/>
  <testcase classname="testNgMethods.ParameterTestLevel" name="verifyLogin" time="5.783"/>
  <testcase classname="testNgMethods.ParameterTestLevel" name="verifyLogout" time="2.905"/>
  <testcase classname="testNgMethods.ParameterTestLevel" name="tearDown" time="1.019"/>
</testsuite> <!-- Default test -->
