<?xml version="1.0" encoding="UTF-8"?>
<!-- Generated by org.testng.reporters.JUnitXMLReporter -->
<testsuite ignored="0" hostname="DESKTOP-BDTSKJB" failures="0" tests="4" name="Test" time="25.295" errors="0" timestamp="2021-01-24T13:45:12 NZDT">
  <testcase classname="testNgMethods.ParameterOptionalTest" name="setUp" time="14.835"/>
  <testcase classname="testNgMethods.ParameterOptionalTest" name="verifyLogin" time="5.573"/>
  <testcase classname="testNgMethods.ParameterOptionalTest" name="verifyLogout" time="3.984"/>
  <testcase classname="testNgMethods.ParameterOptionalTest" name="tearDown" time="0.832"/>
</testsuite> <!-- Test -->
