<?xml version="1.0" encoding="UTF-8"?>
<testng-results ignored="6" total="9" passed="3" failed="0" skipped="0">
  <reporter-output>
  </reporter-output>
  <suite started-at="2021-01-24T13:57:22 NZDT" name="Parameter test Suite" finished-at="2021-01-24T13:57:22 NZDT" duration-ms="129">
    <groups>
    </groups>
    <test started-at="2021-01-24T13:57:22 NZDT" name="Parameter Test one" finished-at="2021-01-24T13:57:22 NZDT" duration-ms="52">
      <class name="testNgMethods.ParameterSuiteLevel">
        <test-method signature="prameterTestOne(java.lang.String)[pri:0, instance:testNgMethods.ParameterSuiteLevel@14555e0a]" started-at="2021-01-24T13:57:22 NZDT" name="prameterTestOne" finished-at="2021-01-24T13:57:22 NZDT" duration-ms="10" status="PASS">
          <params>
            <param index="0">
              <value>
                <![CDATA[suite level parameter]]>
              </value>
            </param>
          </params>
          <reporter-output>
          </reporter-output>
        </test-method> <!-- prameterTestOne -->
      </class> <!-- testNgMethods.ParameterSuiteLevel -->
    </test> <!-- Parameter Test one -->
    <test started-at="2021-01-24T13:57:22 NZDT" name="Parameter Test two" finished-at="2021-01-24T13:57:22 NZDT" duration-ms="4">
      <class name="testNgMethods.ParameterSuiteLevel">
        <test-method signature="prameterTestTwo(java.lang.String)[pri:0, instance:testNgMethods.ParameterSuiteLevel@28f2a10f]" started-at="2021-01-24T13:57:22 NZDT" name="prameterTestTwo" finished-at="2021-01-24T13:57:22 NZDT" duration-ms="1" status="PASS">
          <params>
            <param index="0">
              <value>
                <![CDATA[Test two parameter]]>
              </value>
            </param>
          </params>
          <reporter-output>
          </reporter-output>
        </test-method> <!-- prameterTestTwo -->
      </class> <!-- testNgMethods.ParameterSuiteLevel -->
    </test> <!-- Parameter Test two -->
    <test started-at="2021-01-24T13:57:22 NZDT" name="Parameter Test three" finished-at="2021-01-24T13:57:22 NZDT" duration-ms="6">
      <class name="testNgMethods.ParameterSuiteLevel">
        <test-method signature="prameterTestThree(java.lang.String, java.lang.String)[pri:0, instance:testNgMethods.ParameterSuiteLevel@169e6180]" started-at="2021-01-24T13:57:22 NZDT" name="prameterTestThree" finished-at="2021-01-24T13:57:22 NZDT" duration-ms="3" status="PASS">
          <params>
            <param index="0">
              <value>
                <![CDATA[overiding suite parameter]]>
              </value>
            </param>
            <param index="1">
              <value>
                <![CDATA[test three parameter]]>
              </value>
            </param>
          </params>
          <reporter-output>
          </reporter-output>
        </test-method> <!-- prameterTestThree -->
      </class> <!-- testNgMethods.ParameterSuiteLevel -->
    </test> <!-- Parameter Test three -->
  </suite> <!-- Parameter test Suite -->
</testng-results>
